
*** Running vivado
    with args -log basic_cycle.vdi -applog -m64 -product Vivado -messageDb vivado.pb -mode batch -source basic_cycle.tcl -notrace


****** Vivado v2016.4 (64-bit)
  **** SW Build 1733598 on Wed Dec 14 22:35:39 MST 2016
  **** IP Build 1731160 on Wed Dec 14 23:47:21 MST 2016
    ** Copyright 1986-2016 Xilinx, Inc. All Rights Reserved.

source basic_cycle.tcl -notrace
Design is defaulting to srcset: sources_1
Design is defaulting to constrset: constrs_1
INFO: [Netlist 29-17] Analyzing 24 Unisim elements for replacement
INFO: [Netlist 29-28] Unisim Transformation completed in 1 CPU seconds
INFO: [Project 1-479] Netlist was created with Vivado 2016.4
INFO: [Device 21-403] Loading part xc7a35tcpg236-1
INFO: [Project 1-570] Preparing netlist for logic optimization
Parsing XDC File [C:/Users/solomspd.AUC/project_1/project_1.srcs/constrs_1/new/const.xdc]
Finished Parsing XDC File [C:/Users/solomspd.AUC/project_1/project_1.srcs/constrs_1/new/const.xdc]
INFO: [Opt 31-138] Pushed 0 inverter(s) to 0 load pin(s).
INFO: [Project 1-111] Unisim Transformation Summary:
No Unisim elements were transformed.

INFO: [Vivado_Tcl 4-424] Cannot write hardware definition file as there are no IPI block design hardware handoff files present
Command: opt_design
Attempting to get a license for feature 'Implementation' and/or device 'xc7a35t'
INFO: [Common 17-349] Got license for feature 'Implementation' and/or device 'xc7a35t'
Running DRC as a precondition to command opt_design

Starting DRC Task
INFO: [DRC 23-27] Running DRC with 2 threads
INFO: [Project 1-461] DRC finished with 0 Errors
INFO: [Project 1-462] Please refer to the DRC report (report_drc) for more information.

Time (s): cpu = 00:00:01 ; elapsed = 00:00:00.363 . Memory (MB): peak = 465.625 ; gain = 11.168
INFO: [Timing 38-35] Done setting XDC timing constraints.

Starting Logic Optimization Task
Implement Debug Cores | Checksum: 18e4e8b1b

Phase 1 Retarget
INFO: [Opt 31-138] Pushed 0 inverter(s) to 0 load pin(s).
INFO: [Opt 31-49] Retargeted 0 cell(s).
Phase 1 Retarget | Checksum: 1a9d103c9

Time (s): cpu = 00:00:00 ; elapsed = 00:00:00.023 . Memory (MB): peak = 965.891 ; gain = 0.000

Phase 2 Constant propagation
INFO: [Opt 31-138] Pushed 0 inverter(s) to 0 load pin(s).
INFO: [Opt 31-10] Eliminated 0 cells.
Phase 2 Constant propagation | Checksum: 1a9d103c9

Time (s): cpu = 00:00:00 ; elapsed = 00:00:00.029 . Memory (MB): peak = 965.891 ; gain = 0.000

Phase 3 Sweep
INFO: [Opt 31-12] Eliminated 47 unconnected nets.
INFO: [Opt 31-11] Eliminated 0 unconnected cells.
Phase 3 Sweep | Checksum: 169160e75

Time (s): cpu = 00:00:00 ; elapsed = 00:00:00.038 . Memory (MB): peak = 965.891 ; gain = 0.000

Phase 4 BUFG optimization
INFO: [Opt 31-12] Eliminated 0 unconnected nets.
INFO: [Opt 31-11] Eliminated 0 unconnected cells.
Phase 4 BUFG optimization | Checksum: 169160e75

Time (s): cpu = 00:00:00 ; elapsed = 00:00:00.052 . Memory (MB): peak = 965.891 ; gain = 0.000

Starting Connectivity Check Task

Time (s): cpu = 00:00:00 ; elapsed = 00:00:00.001 . Memory (MB): peak = 965.891 ; gain = 0.000
Ending Logic Optimization Task | Checksum: 169160e75

Time (s): cpu = 00:00:00 ; elapsed = 00:00:00.054 . Memory (MB): peak = 965.891 ; gain = 0.000

Starting Power Optimization Task
INFO: [Pwropt 34-132] Skipping clock gating for clocks with a period < 2.00 ns.
Ending Power Optimization Task | Checksum: 169160e75

Time (s): cpu = 00:00:00 ; elapsed = 00:00:00.005 . Memory (MB): peak = 965.891 ; gain = 0.000
INFO: [Common 17-83] Releasing license: Implementation
23 Infos, 0 Warnings, 0 Critical Warnings and 0 Errors encountered.
opt_design completed successfully
opt_design: Time (s): cpu = 00:00:08 ; elapsed = 00:00:08 . Memory (MB): peak = 965.891 ; gain = 511.434
Writing placer database...
Writing XDEF routing.
Writing XDEF routing logical nets.
Writing XDEF routing special nets.
Write XDEF Complete: Time (s): cpu = 00:00:00 ; elapsed = 00:00:00.045 . Memory (MB): peak = 965.891 ; gain = 0.000
INFO: [Common 17-1381] The checkpoint 'C:/Users/solomspd.AUC/project_1/project_1.runs/impl_1/basic_cycle_opt.dcp' has been generated.
INFO: [DRC 23-27] Running DRC with 2 threads
INFO: [Coretcl 2-168] The results of DRC are in file C:/Users/solomspd.AUC/project_1/project_1.runs/impl_1/basic_cycle_drc_opted.rpt.
INFO: [Chipscope 16-241] No debug cores found in the current design.
Before running the implement_debug_core command, either use the Set Up Debug wizard (GUI mode)
or use the create_debug_core and connect_debug_core Tcl commands to insert debug cores into the design.
Command: place_design
Attempting to get a license for feature 'Implementation' and/or device 'xc7a35t'
INFO: [Common 17-349] Got license for feature 'Implementation' and/or device 'xc7a35t'
INFO: [DRC 23-27] Running DRC with 2 threads
INFO: [Vivado_Tcl 4-198] DRC finished with 0 Errors
INFO: [Vivado_Tcl 4-199] Please refer to the DRC report (report_drc) for more information.
Running DRC as a precondition to command place_design
INFO: [DRC 23-27] Running DRC with 2 threads
INFO: [Vivado_Tcl 4-198] DRC finished with 0 Errors
INFO: [Vivado_Tcl 4-199] Please refer to the DRC report (report_drc) for more information.

Starting Placer Task
INFO: [Place 30-611] Multithreading enabled for place_design using a maximum of 2 CPUs

Phase 1 Placer Initialization
Netlist sorting complete. Time (s): cpu = 00:00:00 ; elapsed = 00:00:00.001 . Memory (MB): peak = 965.891 ; gain = 0.000
Netlist sorting complete. Time (s): cpu = 00:00:00 ; elapsed = 00:00:00.001 . Memory (MB): peak = 965.891 ; gain = 0.000

Phase 1.1 IO Placement/ Clock Placement/ Build Placer Device
INFO: [Timing 38-35] Done setting XDC timing constraints.
Phase 1.1 IO Placement/ Clock Placement/ Build Placer Device | Checksum: c8e4c71f

Time (s): cpu = 00:00:01 ; elapsed = 00:00:00.593 . Memory (MB): peak = 988.914 ; gain = 23.023

Phase 1.2 Build Placer Netlist Model
Phase 1.2 Build Placer Netlist Model | Checksum: 1af483fd6

Time (s): cpu = 00:00:01 ; elapsed = 00:00:00.607 . Memory (MB): peak = 988.914 ; gain = 23.023

Phase 1.3 Constrain Clocks/Macros
Phase 1.3 Constrain Clocks/Macros | Checksum: 1af483fd6

Time (s): cpu = 00:00:01 ; elapsed = 00:00:00.609 . Memory (MB): peak = 988.914 ; gain = 23.023
Phase 1 Placer Initialization | Checksum: 1af483fd6

Time (s): cpu = 00:00:01 ; elapsed = 00:00:00.614 . Memory (MB): peak = 988.914 ; gain = 23.023

Phase 2 Global Placement
Phase 2 Global Placement | Checksum: 1aaaf3341

Time (s): cpu = 00:00:01 ; elapsed = 00:00:01 . Memory (MB): peak = 988.914 ; gain = 23.023

Phase 3 Detail Placement

Phase 3.1 Commit Multi Column Macros
Phase 3.1 Commit Multi Column Macros | Checksum: 1aaaf3341

Time (s): cpu = 00:00:01 ; elapsed = 00:00:01 . Memory (MB): peak = 988.914 ; gain = 23.023

Phase 3.2 Commit Most Macros & LUTRAMs
Phase 3.2 Commit Most Macros & LUTRAMs | Checksum: 21fac854c

Time (s): cpu = 00:00:01 ; elapsed = 00:00:01 . Memory (MB): peak = 988.914 ; gain = 23.023

Phase 3.3 Area Swap Optimization
Phase 3.3 Area Swap Optimization | Checksum: 1e9156baf

Time (s): cpu = 00:00:01 ; elapsed = 00:00:01 . Memory (MB): peak = 988.914 ; gain = 23.023

Phase 3.4 Pipeline Register Optimization
Phase 3.4 Pipeline Register Optimization | Checksum: 1e9156baf

Time (s): cpu = 00:00:01 ; elapsed = 00:00:01 . Memory (MB): peak = 988.914 ; gain = 23.023

Phase 3.5 Small Shape Detail Placement
Phase 3.5 Small Shape Detail Placement | Checksum: 146be331f

Time (s): cpu = 00:00:01 ; elapsed = 00:00:01 . Memory (MB): peak = 988.914 ; gain = 23.023

Phase 3.6 Re-assign LUT pins
Phase 3.6 Re-assign LUT pins | Checksum: 146be331f

Time (s): cpu = 00:00:01 ; elapsed = 00:00:01 . Memory (MB): peak = 988.914 ; gain = 23.023

Phase 3.7 Pipeline Register Optimization
Phase 3.7 Pipeline Register Optimization | Checksum: 146be331f

Time (s): cpu = 00:00:01 ; elapsed = 00:00:01 . Memory (MB): peak = 988.914 ; gain = 23.023
Phase 3 Detail Placement | Checksum: 146be331f

Time (s): cpu = 00:00:01 ; elapsed = 00:00:01 . Memory (MB): peak = 988.914 ; gain = 23.023

Phase 4 Post Placement Optimization and Clean-Up

Phase 4.1 Post Commit Optimization
Phase 4.1 Post Commit Optimization | Checksum: 146be331f

Time (s): cpu = 00:00:01 ; elapsed = 00:00:01 . Memory (MB): peak = 988.914 ; gain = 23.023

Phase 4.2 Post Placement Cleanup
Phase 4.2 Post Placement Cleanup | Checksum: 146be331f

Time (s): cpu = 00:00:01 ; elapsed = 00:00:01 . Memory (MB): peak = 988.914 ; gain = 23.023

Phase 4.3 Placer Reporting
Phase 4.3 Placer Reporting | Checksum: 146be331f

Time (s): cpu = 00:00:01 ; elapsed = 00:00:01 . Memory (MB): peak = 988.914 ; gain = 23.023

Phase 4.4 Final Placement Cleanup
Phase 4.4 Final Placement Cleanup | Checksum: 1715e697d

Time (s): cpu = 00:00:01 ; elapsed = 00:00:01 . Memory (MB): peak = 988.914 ; gain = 23.023
Phase 4 Post Placement Optimization and Clean-Up | Checksum: 1715e697d

Time (s): cpu = 00:00:01 ; elapsed = 00:00:01 . Memory (MB): peak = 988.914 ; gain = 23.023
Ending Placer Task | Checksum: f959b47d

Time (s): cpu = 00:00:01 ; elapsed = 00:00:01 . Memory (MB): peak = 988.914 ; gain = 23.023
INFO: [Common 17-83] Releasing license: Implementation
37 Infos, 0 Warnings, 0 Critical Warnings and 0 Errors encountered.
place_design completed successfully
Writing placer database...
Writing XDEF routing.
Writing XDEF routing logical nets.
Writing XDEF routing special nets.
Write XDEF Complete: Time (s): cpu = 00:00:00 ; elapsed = 00:00:00.067 . Memory (MB): peak = 988.914 ; gain = 0.000
INFO: [Common 17-1381] The checkpoint 'C:/Users/solomspd.AUC/project_1/project_1.runs/impl_1/basic_cycle_placed.dcp' has been generated.
report_io: Time (s): cpu = 00:00:00 ; elapsed = 00:00:00.025 . Memory (MB): peak = 988.914 ; gain = 0.000
report_utilization: Time (s): cpu = 00:00:00 ; elapsed = 00:00:00.013 . Memory (MB): peak = 988.914 ; gain = 0.000
report_control_sets: Time (s): cpu = 00:00:00 ; elapsed = 00:00:00.001 . Memory (MB): peak = 988.914 ; gain = 0.000
Command: route_design
Attempting to get a license for feature 'Implementation' and/or device 'xc7a35t'
INFO: [Common 17-349] Got license for feature 'Implementation' and/or device 'xc7a35t'
Running DRC as a precondition to command route_design
INFO: [DRC 23-27] Running DRC with 2 threads
INFO: [Vivado_Tcl 4-198] DRC finished with 0 Errors
INFO: [Vivado_Tcl 4-199] Please refer to the DRC report (report_drc) for more information.


Starting Routing Task
INFO: [Route 35-254] Multithreading enabled for route_design using a maximum of 2 CPUs
Checksum: PlaceDB: c5ca0a6 ConstDB: 0 ShapeSum: ecfd13d7 RouteDB: 0

Phase 1 Build RT Design
Phase 1 Build RT Design | Checksum: b6f4b576

Time (s): cpu = 00:00:17 ; elapsed = 00:00:15 . Memory (MB): peak = 1070.461 ; gain = 81.547

Phase 2 Router Initialization
INFO: [Route 35-64] No timing constraints were detected. The router will operate in resource-optimization mode.

Phase 2.1 Fix Topology Constraints
Phase 2.1 Fix Topology Constraints | Checksum: b6f4b576

Time (s): cpu = 00:00:17 ; elapsed = 00:00:15 . Memory (MB): peak = 1075.871 ; gain = 86.957

Phase 2.2 Pre Route Cleanup
Phase 2.2 Pre Route Cleanup | Checksum: b6f4b576

Time (s): cpu = 00:00:17 ; elapsed = 00:00:15 . Memory (MB): peak = 1075.871 ; gain = 86.957
 Number of Nodes with overlaps = 0
Phase 2 Router Initialization | Checksum: 138dbcb81

Time (s): cpu = 00:00:17 ; elapsed = 00:00:15 . Memory (MB): peak = 1081.402 ; gain = 92.488

Phase 3 Initial Routing
Phase 3 Initial Routing | Checksum: d4c0c69a

Time (s): cpu = 00:00:17 ; elapsed = 00:00:15 . Memory (MB): peak = 1081.402 ; gain = 92.488

Phase 4 Rip-up And Reroute

Phase 4.1 Global Iteration 0
 Number of Nodes with overlaps = 7
 Number of Nodes with overlaps = 0
Phase 4.1 Global Iteration 0 | Checksum: 1056dce56

Time (s): cpu = 00:00:17 ; elapsed = 00:00:15 . Memory (MB): peak = 1081.402 ; gain = 92.488
Phase 4 Rip-up And Reroute | Checksum: 1056dce56

Time (s): cpu = 00:00:17 ; elapsed = 00:00:15 . Memory (MB): peak = 1081.402 ; gain = 92.488

Phase 5 Delay and Skew Optimization
Phase 5 Delay and Skew Optimization | Checksum: 1056dce56

Time (s): cpu = 00:00:17 ; elapsed = 00:00:15 . Memory (MB): peak = 1081.402 ; gain = 92.488

Phase 6 Post Hold Fix

Phase 6.1 Hold Fix Iter
Phase 6.1 Hold Fix Iter | Checksum: 1056dce56

Time (s): cpu = 00:00:17 ; elapsed = 00:00:15 . Memory (MB): peak = 1081.402 ; gain = 92.488
Phase 6 Post Hold Fix | Checksum: 1056dce56

Time (s): cpu = 00:00:17 ; elapsed = 00:00:15 . Memory (MB): peak = 1081.402 ; gain = 92.488

Phase 7 Route finalize

Router Utilization Summary
  Global Vertical Routing Utilization    = 0.0390656 %
  Global Horizontal Routing Utilization  = 0.0385216 %
  Routable Net Status*
  *Does not include unroutable nets such as driverless and loadless.
  Run report_route_status for detailed report.
  Number of Failed Nets               = 0
  Number of Unrouted Nets             = 0
  Number of Partially Routed Nets     = 0
  Number of Node Overlaps             = 0

Congestion Report
North Dir 1x1 Area, Max Cong = 16.2162%, No Congested Regions.
South Dir 1x1 Area, Max Cong = 16.2162%, No Congested Regions.
East Dir 1x1 Area, Max Cong = 10.2941%, No Congested Regions.
West Dir 1x1 Area, Max Cong = 11.7647%, No Congested Regions.
Phase 7 Route finalize | Checksum: 1056dce56

Time (s): cpu = 00:00:17 ; elapsed = 00:00:15 . Memory (MB): peak = 1081.402 ; gain = 92.488

Phase 8 Verifying routed nets

 Verification completed successfully
Phase 8 Verifying routed nets | Checksum: 1056dce56

Time (s): cpu = 00:00:17 ; elapsed = 00:00:15 . Memory (MB): peak = 1081.402 ; gain = 92.488

Phase 9 Depositing Routes
Phase 9 Depositing Routes | Checksum: 1ad222d30

Time (s): cpu = 00:00:17 ; elapsed = 00:00:15 . Memory (MB): peak = 1081.402 ; gain = 92.488
INFO: [Route 35-16] Router Completed Successfully

Time (s): cpu = 00:00:17 ; elapsed = 00:00:15 . Memory (MB): peak = 1081.402 ; gain = 92.488

Routing Is Done.
INFO: [Common 17-83] Releasing license: Implementation
46 Infos, 0 Warnings, 0 Critical Warnings and 0 Errors encountered.
route_design completed successfully
route_design: Time (s): cpu = 00:00:18 ; elapsed = 00:00:16 . Memory (MB): peak = 1081.402 ; gain = 92.488
Writing placer database...
Writing XDEF routing.
Writing XDEF routing logical nets.
Writing XDEF routing special nets.
Write XDEF Complete: Time (s): cpu = 00:00:00 ; elapsed = 00:00:00.072 . Memory (MB): peak = 1081.402 ; gain = 0.000
INFO: [Common 17-1381] The checkpoint 'C:/Users/solomspd.AUC/project_1/project_1.runs/impl_1/basic_cycle_routed.dcp' has been generated.
INFO: [DRC 23-27] Running DRC with 2 threads
INFO: [Coretcl 2-168] The results of DRC are in file C:/Users/solomspd.AUC/project_1/project_1.runs/impl_1/basic_cycle_drc_routed.rpt.
INFO: [Timing 38-35] Done setting XDC timing constraints.
INFO: [DRC 23-133] Running Methodology with 2 threads
INFO: [Coretcl 2-1520] The results of Report Methodology are in file C:/Users/solomspd.AUC/project_1/project_1.runs/impl_1/basic_cycle_methodology_drc_routed.rpt.
INFO: [Timing 38-35] Done setting XDC timing constraints.
INFO: [Timing 38-91] UpdateTimingParams: Speed grade: -1, Delay Type: min_max.
INFO: [Timing 38-191] Multithreading enabled for timing update using a maximum of 2 CPUs
INFO: [Timing 38-35] Done setting XDC timing constraints.
WARNING: [Timing 38-313] There are no user specified timing constraints. Timing constraints are needed for proper timing analysis.
Command: report_power -file basic_cycle_power_routed.rpt -pb basic_cycle_power_summary_routed.pb -rpx basic_cycle_power_routed.rpx
WARNING: [Power 33-232] No user defined clocks were found in the design!
Resolution: Please specify clocks using create_clock/create_generated_clock for sequential elements. For pure combinatorial circuits, please specify a virtual clock, otherwise the vectorless estimation might be inaccurate
Running Vector-less Activity Propagation...

Finished Running Vector-less Activity Propagation
56 Infos, 2 Warnings, 0 Critical Warnings and 0 Errors encountered.
report_power completed successfully
Command: write_bitstream -force -no_partial_bitfile basic_cycle.bit
Attempting to get a license for feature 'Implementation' and/or device 'xc7a35t'
INFO: [Common 17-349] Got license for feature 'Implementation' and/or device 'xc7a35t'
Running DRC as a precondition to command write_bitstream
INFO: [DRC 23-27] Running DRC with 2 threads
WARNING: [DRC 23-20] Rule violation (CFGBVS-1) Missing CFGBVS and CONFIG_VOLTAGE Design Properties - Neither the CFGBVS nor CONFIG_VOLTAGE voltage property is set in the current_design.  Configuration bank voltage select (CFGBVS) must be set to VCCO or GND, and CONFIG_VOLTAGE must be set to the correct configuration voltage, in order to determine the I/O voltage support for the pins in bank 0.  It is suggested to specify these either using the 'Edit Device Properties' function in the GUI or directly in the XDC file using the following syntax:

 set_property CFGBVS value1 [current_design]
 #where value1 is either VCCO or GND

 set_property CONFIG_VOLTAGE value2 [current_design]
 #where value2 is the voltage provided to configuration bank 0

Refer to the device configuration user guide for more information.
WARNING: [DRC 23-20] Rule violation (PDRC-153) Gated clock check - Net fours/nextState_reg[1]_i_2__2_n_0 is a gated clock net sourced by a combinational pin fours/nextState_reg[1]_i_2__2/O, cell fours/nextState_reg[1]_i_2__2. This is not good design practice and will likely impact performance. For SLICE registers, for example, use the CE pin to control the loading of data.
WARNING: [DRC 23-20] Rule violation (PDRC-153) Gated clock check - Net ones/nextState_reg[1]_i_2_n_0 is a gated clock net sourced by a combinational pin ones/nextState_reg[1]_i_2/O, cell ones/nextState_reg[1]_i_2. This is not good design practice and will likely impact performance. For SLICE registers, for example, use the CE pin to control the loading of data.
WARNING: [DRC 23-20] Rule violation (PDRC-153) Gated clock check - Net threes/nextState_reg[1]_i_2__1_n_0 is a gated clock net sourced by a combinational pin threes/nextState_reg[1]_i_2__1/O, cell threes/nextState_reg[1]_i_2__1. This is not good design practice and will likely impact performance. For SLICE registers, for example, use the CE pin to control the loading of data.
WARNING: [DRC 23-20] Rule violation (PDRC-153) Gated clock check - Net twos/nextState_reg[1]_i_2__0_n_0 is a gated clock net sourced by a combinational pin twos/nextState_reg[1]_i_2__0/O, cell twos/nextState_reg[1]_i_2__0. This is not good design practice and will likely impact performance. For SLICE registers, for example, use the CE pin to control the loading of data.
INFO: [Vivado 12-3199] DRC finished with 0 Errors, 5 Warnings
INFO: [Vivado 12-3200] Please refer to the DRC report (report_drc) for more information.
Loading data files...
Loading site data...
Loading route data...
Processing options...
Creating bitmap...
Creating bitstream...
Writing bitstream ./basic_cycle.bit...
INFO: [Vivado 12-1842] Bitgen Completed Successfully.
INFO: [Project 1-120] WebTalk data collection is mandatory when using a WebPACK part without a full Vivado license. To see the specific WebTalk data collected for your design, open the usage_statistics_webtalk.html or usage_statistics_webtalk.xml file in the implementation directory.
INFO: [Common 17-186] 'C:/Users/solomspd.AUC/project_1/project_1.runs/impl_1/usage_statistics_webtalk.xml' has been successfully sent to Xilinx on Fri May 17 15:51:53 2019. For additional details about this file, please refer to the WebTalk help file at C:/Xilinx/Vivado/2016.4/doc/webtalk_introduction.html.
INFO: [Common 17-83] Releasing license: Implementation
64 Infos, 7 Warnings, 0 Critical Warnings and 0 Errors encountered.
write_bitstream completed successfully
write_bitstream: Time (s): cpu = 00:00:09 ; elapsed = 00:00:12 . Memory (MB): peak = 1467.336 ; gain = 349.039
INFO: [Vivado_Tcl 4-395] Unable to parse hwdef file basic_cycle.hwdef
INFO: [Common 17-206] Exiting Vivado at Fri May 17 15:51:54 2019...
